<?xml version="1.0" encoding="UTF-8"?>
<!-- Generated by org.testng.reporters.JUnitReportReporter -->
<testsuite skipped="0" hostname="Abhishek" name="scripts.LoginTest" tests="1" failures="0" timestamp="25 Jun 2019 06:04:05 GMT" time="27.497" errors="0">
  <testcase name="validLogin" time="27.497" classname="scripts.LoginTest"/>
</testsuite> <!-- scripts.LoginTest -->
