<?xml version="1.0" encoding="UTF-8"?>
<!-- Generated by org.testng.reporters.JUnitReportReporter -->
<testsuite skipped="0" hostname="Abhishek" name="scripts.TaskTest" tests="3" failures="0" timestamp="25 Jun 2019 06:04:05 GMT" time="30.883" errors="0">
  <testcase name="createProject" time="10.255" classname="scripts.TaskTest"/>
  <testcase name="createCustomer" time="9.941" classname="scripts.TaskTest"/>
  <testcase name="deleteCustomer" time="10.687" classname="scripts.TaskTest"/>
</testsuite> <!-- scripts.TaskTest -->
